<?xml version="1.0" encoding="UTF-8"?>
<testng-results skipped="0" failed="0" ignored="0" total="1" passed="1">
  <reporter-output>
  </reporter-output>
  <suite name="Default suite" duration-ms="992223" started-at="2018-11-26T09:35:55Z" finished-at="2018-11-26T09:52:27Z">
    <groups>
    </groups>
    <test name="Default test" duration-ms="992223" started-at="2018-11-26T09:35:55Z" finished-at="2018-11-26T09:52:27Z">
      <class name="OMS.POSEIDON.Baytest">
        <test-method status="PASS" signature="TestsForSAKS()[pri:0, instance:OMS.POSEIDON.Baytest@685cb137]" name="TestsForSAKS" duration-ms="992206" started-at="2018-11-26T09:35:55Z" finished-at="2018-11-26T09:52:27Z">
          <reporter-output>
          </reporter-output>
        </test-method> <!-- TestsForSAKS -->
      </class> <!-- OMS.POSEIDON.Baytest -->
    </test> <!-- Default test -->
  </suite> <!-- Default suite -->
</testng-results>
