<?xml version="1.0" encoding="UTF-8"?>
<<<<<<< HEAD
<<<<<<< HEAD
<testng-results skipped="0" failed="1" ignored="1" total="2" passed="0">
  <reporter-output>
  </reporter-output>
  <suite name="Default suite" duration-ms="110568" started-at="2018-11-27T07:16:52Z" finished-at="2018-11-27T07:18:42Z">
    <groups>
    </groups>
    <test name="Default test" duration-ms="110568" started-at="2018-11-27T07:16:52Z" finished-at="2018-11-27T07:18:42Z">
      <class name="OMS.POSEIDON.Tests">
        <test-method status="FAIL" signature="TestsForSAKSMQ()[pri:0, instance:OMS.POSEIDON.Tests@685cb137]" name="TestsForSAKSMQ" duration-ms="110543" started-at="2018-11-27T07:16:52Z" finished-at="2018-11-27T07:18:42Z">
          <exception class="java.lang.AssertionError">
            <message>
              <![CDATA[expected [false] but found [true]]]>
            </message>
            <full-stacktrace>
              <![CDATA[java.lang.AssertionError: expected [false] but found [true]
at org.testng.Assert.fail(Assert.java:96)
at org.testng.Assert.failNotEquals(Assert.java:776)
at org.testng.Assert.assertEqualsImpl(Assert.java:137)
at org.testng.Assert.assertEquals(Assert.java:118)
at org.testng.Assert.assertEquals(Assert.java:568)
at org.testng.Assert.assertEquals(Assert.java:578)
at com.BaseClass.MultiqunatityAllTenderTypes.MultiLineAmex(MultiqunatityAllTenderTypes.java:154)
at OMS.POSEIDON.Tests.TestsForSAKSMQ(Tests.java:73)
=======
<testng-results skipped="0" failed="1" ignored="0" total="1" passed="0">
  <reporter-output>
  </reporter-output>
  <suite name="Default suite" duration-ms="17231" started-at="2018-11-22T06:57:15Z" finished-at="2018-11-22T06:57:32Z">
    <groups>
    </groups>
=======
<testng-results skipped="0" failed="1" ignored="0" total="1" passed="0">
  <reporter-output>
  </reporter-output>
  <suite name="Default suite" duration-ms="17231" started-at="2018-11-22T06:57:15Z" finished-at="2018-11-22T06:57:32Z">
    <groups>
    </groups>
>>>>>>> parent of 2404fcd... First Commit
    <test name="Default test" duration-ms="17231" started-at="2018-11-22T06:57:15Z" finished-at="2018-11-22T06:57:32Z">
      <class name="OMS.POSEIDON.Tests">
        <test-method status="FAIL" signature="TestsForSAKS()[pri:0, instance:OMS.POSEIDON.Tests@7d9d1a19]" name="TestsForSAKS" duration-ms="17203" started-at="2018-11-22T06:57:15Z" finished-at="2018-11-22T06:57:32Z">
          <exception class="java.io.FileNotFoundException">
            <message>
              <![CDATA[/Users/h895458/git/Poseidon/POSEIDON/src/main/java/oms/Poseidon/Webservices/Requests.properties (No such file or directory)]]>
            </message>
            <full-stacktrace>
              <![CDATA[java.io.FileNotFoundException: /Users/h895458/git/Poseidon/POSEIDON/src/main/java/oms/Poseidon/Webservices/Requests.properties (No such file or directory)
at java.io.FileInputStream.open0(Native Method)
at java.io.FileInputStream.open(FileInputStream.java:195)
at java.io.FileInputStream.<init>(FileInputStream.java:138)
at java.io.FileInputStream.<init>(FileInputStream.java:93)
at oms.Poseidon.Webservices.OMSCalls.getRequestProperty(OMSCalls.java:102)
at oms.Poseidon.Webservices.OMSCalls.getOrderDetails(OMSCalls.java:25)
at OMS.POSEIDON.Tests.TestsForSAKS(Tests.java:23)
<<<<<<< HEAD
>>>>>>> parent of 2404fcd... First Commit
=======
>>>>>>> parent of 2404fcd... First Commit
at sun.reflect.NativeMethodAccessorImpl.invoke0(Native Method)
at sun.reflect.NativeMethodAccessorImpl.invoke(NativeMethodAccessorImpl.java:62)
at sun.reflect.DelegatingMethodAccessorImpl.invoke(DelegatingMethodAccessorImpl.java:43)
at java.lang.reflect.Method.invoke(Method.java:498)
at org.testng.internal.MethodInvocationHelper.invokeMethod(MethodInvocationHelper.java:124)
at org.testng.internal.Invoker.invokeMethod(Invoker.java:580)
at org.testng.internal.Invoker.invokeTestMethod(Invoker.java:716)
at org.testng.internal.Invoker.invokeTestMethods(Invoker.java:988)
at org.testng.internal.TestMethodWorker.invokeTestMethods(TestMethodWorker.java:125)
at org.testng.internal.TestMethodWorker.run(TestMethodWorker.java:109)
at org.testng.TestRunner.privateRun(TestRunner.java:648)
at org.testng.TestRunner.run(TestRunner.java:505)
at org.testng.SuiteRunner.runTest(SuiteRunner.java:455)
at org.testng.SuiteRunner.runSequentially(SuiteRunner.java:450)
at org.testng.SuiteRunner.privateRun(SuiteRunner.java:415)
at org.testng.SuiteRunner.run(SuiteRunner.java:364)
at org.testng.SuiteRunnerWorker.runSuite(SuiteRunnerWorker.java:52)
at org.testng.SuiteRunnerWorker.run(SuiteRunnerWorker.java:84)
at org.testng.TestNG.runSuitesSequentially(TestNG.java:1208)
at org.testng.TestNG.runSuitesLocally(TestNG.java:1137)
at org.testng.TestNG.runSuites(TestNG.java:1049)
at org.testng.TestNG.run(TestNG.java:1017)
at org.testng.remote.AbstractRemoteTestNG.run(AbstractRemoteTestNG.java:114)
at org.testng.remote.RemoteTestNG.initAndRun(RemoteTestNG.java:251)
at org.testng.remote.RemoteTestNG.main(RemoteTestNG.java:77)
]]>
            </full-stacktrace>
<<<<<<< HEAD
<<<<<<< HEAD
          </exception> <!-- java.lang.AssertionError -->
          <reporter-output>
          </reporter-output>
        </test-method> <!-- TestsForSAKSMQ -->
=======
=======
>>>>>>> parent of 2404fcd... First Commit
          </exception> <!-- java.io.FileNotFoundException -->
          <reporter-output>
          </reporter-output>
        </test-method> <!-- TestsForSAKS -->
<<<<<<< HEAD
>>>>>>> parent of 2404fcd... First Commit
=======
>>>>>>> parent of 2404fcd... First Commit
      </class> <!-- OMS.POSEIDON.Tests -->
    </test> <!-- Default test -->
  </suite> <!-- Default suite -->
</testng-results>
