<?xml version="1.0" encoding="UTF-8"?>
<testng-results skipped="0" failed="1" ignored="0" total="1" passed="0">
  <reporter-output>
  </reporter-output>
  <suite name="Default suite" duration-ms="1297445" started-at="2018-11-23T10:23:34Z" finished-at="2018-11-23T10:45:11Z">
    <groups>
    </groups>
    <test name="Default test" duration-ms="1297445" started-at="2018-11-23T10:23:34Z" finished-at="2018-11-23T10:45:11Z">
      <class name="OMS.POSEIDON.Tests">
        <test-method status="FAIL" signature="TestsForSAKS()[pri:0, instance:OMS.POSEIDON.Tests@7d9d1a19]" name="TestsForSAKS" duration-ms="1297425" started-at="2018-11-23T10:23:34Z" finished-at="2018-11-23T10:45:11Z">
          <exception class="java.lang.NullPointerException">
            <full-stacktrace>
              <![CDATA[java.lang.NullPointerException
at java.net.URI$Parser.parse(URI.java:3042)
at java.net.URI.<init>(URI.java:588)
at java.net.URI.create(URI.java:850)
at org.apache.http.client.methods.HttpPost.<init>(HttpPost.java:76)
at oms.Poseidon.Webservices.OMSCalls.getOrderDetails(OMSCalls.java:55)
at OMS.POSEIDON.Tests.TestsForSAKS(Tests.java:27)
at sun.reflect.NativeMethodAccessorImpl.invoke0(Native Method)
at sun.reflect.NativeMethodAccessorImpl.invoke(NativeMethodAccessorImpl.java:62)
at sun.reflect.DelegatingMethodAccessorImpl.invoke(DelegatingMethodAccessorImpl.java:43)
at java.lang.reflect.Method.invoke(Method.java:498)
at org.testng.internal.MethodInvocationHelper.invokeMethod(MethodInvocationHelper.java:124)
at org.testng.internal.Invoker.invokeMethod(Invoker.java:580)
at org.testng.internal.Invoker.invokeTestMethod(Invoker.java:716)
at org.testng.internal.Invoker.invokeTestMethods(Invoker.java:988)
at org.testng.internal.TestMethodWorker.invokeTestMethods(TestMethodWorker.java:125)
at org.testng.internal.TestMethodWorker.run(TestMethodWorker.java:109)
at org.testng.TestRunner.privateRun(TestRunner.java:648)
at org.testng.TestRunner.run(TestRunner.java:505)
at org.testng.SuiteRunner.runTest(SuiteRunner.java:455)
at org.testng.SuiteRunner.runSequentially(SuiteRunner.java:450)
at org.testng.SuiteRunner.privateRun(SuiteRunner.java:415)
at org.testng.SuiteRunner.run(SuiteRunner.java:364)
at org.testng.SuiteRunnerWorker.runSuite(SuiteRunnerWorker.java:52)
at org.testng.SuiteRunnerWorker.run(SuiteRunnerWorker.java:84)
at org.testng.TestNG.runSuitesSequentially(TestNG.java:1208)
at org.testng.TestNG.runSuitesLocally(TestNG.java:1137)
at org.testng.TestNG.runSuites(TestNG.java:1049)
at org.testng.TestNG.run(TestNG.java:1017)
at org.testng.remote.AbstractRemoteTestNG.run(AbstractRemoteTestNG.java:114)
at org.testng.remote.RemoteTestNG.initAndRun(RemoteTestNG.java:251)
at org.testng.remote.RemoteTestNG.main(RemoteTestNG.java:77)
]]>
            </full-stacktrace>
          </exception> <!-- java.lang.NullPointerException -->
          <reporter-output>
          </reporter-output>
        </test-method> <!-- TestsForSAKS -->
      </class> <!-- OMS.POSEIDON.Tests -->
    </test> <!-- Default test -->
  </suite> <!-- Default suite -->
</testng-results>
