<?xml version="1.0" encoding="UTF-8"?>
<testng-results skipped="0" failed="0" ignored="0" total="1" passed="1">
  <reporter-output>
  </reporter-output>
  <suite name="Default suite" duration-ms="14182" started-at="2018-11-21T13:10:14Z" finished-at="2018-11-21T13:10:29Z">
    <groups>
    </groups>
    <test name="Default test" duration-ms="14182" started-at="2018-11-21T13:10:14Z" finished-at="2018-11-21T13:10:29Z">
      <class name="OMS.POSEIDON.Tests">
        <test-method status="PASS" signature="TestsForSAKS()[pri:0, instance:OMS.POSEIDON.Tests@548e7350]" name="TestsForSAKS" duration-ms="14157" started-at="2018-11-21T13:10:15Z" finished-at="2018-11-21T13:10:29Z">
          <reporter-output>
          </reporter-output>
        </test-method> <!-- TestsForSAKS -->
      </class> <!-- OMS.POSEIDON.Tests -->
    </test> <!-- Default test -->
  </suite> <!-- Default suite -->
</testng-results>
