<?xml version="1.0" encoding="UTF-8"?>
<testng-results skipped="0" failed="0" ignored="1" total="2" passed="1">
  <reporter-output>
  </reporter-output>
  <suite name="Default suite" duration-ms="51271" started-at="2018-11-27T09:34:51Z" finished-at="2018-11-27T09:35:42Z">
    <groups>
    </groups>
    <test name="Default test" duration-ms="51271" started-at="2018-11-27T09:34:51Z" finished-at="2018-11-27T09:35:42Z">
      <class name="OMS.POSEIDON.Baytest">
        <test-method status="PASS" signature="TestForWebcomSIngleLine()[pri:0, instance:OMS.POSEIDON.Baytest@53b32d7]" name="TestForWebcomSIngleLine" duration-ms="51252" started-at="2018-11-27T09:34:51Z" finished-at="2018-11-27T09:35:42Z">
          <reporter-output>
          </reporter-output>
        </test-method> <!-- TestForWebcomSIngleLine -->
      </class> <!-- OMS.POSEIDON.Baytest -->
    </test> <!-- Default test -->
  </suite> <!-- Default suite -->
</testng-results>
