<?xml version="1.0" encoding="UTF-8"?>
<testng-results skipped="0" failed="0" ignored="0" total="1" passed="1">
  <reporter-output>
  </reporter-output>
  <suite name="Default suite" duration-ms="1314319" started-at="2018-11-23T06:09:40Z" finished-at="2018-11-23T06:31:34Z">
    <groups>
    </groups>
    <test name="Default test" duration-ms="1314319" started-at="2018-11-23T06:09:40Z" finished-at="2018-11-23T06:31:34Z">
      <class name="OMS.POSEIDON.Tests">
        <test-method status="PASS" signature="TestsForSAKS()[pri:0, instance:OMS.POSEIDON.Tests@7d9d1a19]" name="TestsForSAKS" duration-ms="1314300" started-at="2018-11-23T06:09:40Z" finished-at="2018-11-23T06:31:34Z">
          <reporter-output>
          </reporter-output>
        </test-method> <!-- TestsForSAKS -->
      </class> <!-- OMS.POSEIDON.Tests -->
    </test> <!-- Default test -->
  </suite> <!-- Default suite -->
</testng-results>
