<?xml version="1.0" encoding="UTF-8"?>
<!-- Generated by org.testng.reporters.JUnitXMLReporter -->
<testsuite ignored="3" hostname="M-C02WP08SHTD8.hbc.com" failures="0" tests="0" time="0.004" errors="0" timestamp="22 Nov 2018 10:34:35 GMT">
  <testcase classname="com.BaseClass.SingleLineAllTenderTypes" name="singleLineDiscover" time="0.0">
    <ignored/>
  </testcase> <!-- singleLineDiscover -->
  <testcase classname="com.BaseClass.SingleLineAllTenderTypes" name="SingleLineMastercard" time="0.0">
    <ignored/>
  </testcase> <!-- SingleLineMastercard -->
  <testcase classname="com.BaseClass.SingleLineAllTenderTypes" name="SinglineVisa" time="0.0">
    <ignored/>
  </testcase> <!-- SinglineVisa -->
</testsuite>
