<?xml version="1.0" encoding="UTF-8"?>
<!-- Generated by org.testng.reporters.JUnitXMLReporter -->
<testsuite hostname="M-C02WP08WHTD8.hbc.com" ignored="3" tests="0" failures="0" timestamp="21 Nov 2018 12:38:06 GMT" time="0.005" errors="0">
  <testcase name="singleLineDiscover" time="0.0" classname="com.BaseClass.SingleLineAllTenderTypes">
    <ignored/>
  </testcase> <!-- singleLineDiscover -->
  <testcase name="SingleLineMastercard" time="0.0" classname="com.BaseClass.SingleLineAllTenderTypes">
    <ignored/>
  </testcase> <!-- SingleLineMastercard -->
  <testcase name="SinglineVisa" time="0.0" classname="com.BaseClass.SingleLineAllTenderTypes">
    <ignored/>
  </testcase> <!-- SinglineVisa -->
</testsuite>
